{"C:\\Users\\dpola\\OneDrive\\Desktop\\UCB-SOFT\\SEM5\\TALLER1\\miAmazon\\src\\js\\app.js": {"path":"C:\\Users\\dpola\\OneDrive\\Desktop\\UCB-SOFT\\SEM5\\TALLER1\\miAmazon\\src\\js\\app.js","statementMap":{"0":{"start":{"line":7,"column":8},"end":{"line":7,"column":51}},"1":{"start":{"line":9,"column":8},"end":{"line":9,"column":119}},"2":{"start":{"line":9,"column":84},"end":{"line":9,"column":117}},"3":{"start":{"line":10,"column":8},"end":{"line":10,"column":92}},"4":{"start":{"line":10,"column":64},"end":{"line":10,"column":90}},"5":{"start":{"line":12,"column":8},"end":{"line":12,"column":66}},"6":{"start":{"line":13,"column":8},"end":{"line":13,"column":62}},"7":{"start":{"line":15,"column":8},"end":{"line":15,"column":26}},"8":{"start":{"line":19,"column":8},"end":{"line":24,"column":9}},"9":{"start":{"line":20,"column":36},"end":{"line":20,"column":70}},"10":{"start":{"line":21,"column":12},"end":{"line":21,"column":53}},"11":{"start":{"line":23,"column":12},"end":{"line":23,"column":75}},"12":{"start":{"line":28,"column":8},"end":{"line":28,"column":76}},"13":{"start":{"line":28,"column":55},"end":{"line":28,"column":74}},"14":{"start":{"line":29,"column":8},"end":{"line":33,"column":11}},"15":{"start":{"line":30,"column":12},"end":{"line":32,"column":13}},"16":{"start":{"line":31,"column":16},"end":{"line":31,"column":36}},"17":{"start":{"line":37,"column":25},"end":{"line":37,"column":81}},"18":{"start":{"line":38,"column":8},"end":{"line":38,"column":42}},"19":{"start":{"line":42,"column":8},"end":{"line":42,"column":32}},"20":{"start":{"line":43,"column":8},"end":{"line":43,"column":40}},"21":{"start":{"line":44,"column":8},"end":{"line":44,"column":31}},"22":{"start":{"line":48,"column":8},"end":{"line":48,"column":31}},"23":{"start":{"line":49,"column":8},"end":{"line":49,"column":32}},"24":{"start":{"line":53,"column":0},"end":{"line":56,"column":3}},"25":{"start":{"line":54,"column":16},"end":{"line":54,"column":25}},"26":{"start":{"line":55,"column":4},"end":{"line":55,"column":15}}},"fnMap":{"0":{"name":"(anonymous_0)","decl":{"start":{"line":6,"column":4},"end":{"line":6,"column":5}},"loc":{"start":{"line":6,"column":18},"end":{"line":16,"column":5}},"line":6},"1":{"name":"(anonymous_1)","decl":{"start":{"line":9,"column":71},"end":{"line":9,"column":72}},"loc":{"start":{"line":9,"column":84},"end":{"line":9,"column":117}},"line":9},"2":{"name":"(anonymous_2)","decl":{"start":{"line":10,"column":58},"end":{"line":10,"column":59}},"loc":{"start":{"line":10,"column":64},"end":{"line":10,"column":90}},"line":10},"3":{"name":"(anonymous_3)","decl":{"start":{"line":18,"column":4},"end":{"line":18,"column":5}},"loc":{"start":{"line":18,"column":17},"end":{"line":25,"column":5}},"line":18},"4":{"name":"(anonymous_4)","decl":{"start":{"line":27,"column":4},"end":{"line":27,"column":5}},"loc":{"start":{"line":27,"column":17},"end":{"line":34,"column":5}},"line":27},"5":{"name":"(anonymous_5)","decl":{"start":{"line":28,"column":49},"end":{"line":28,"column":50}},"loc":{"start":{"line":28,"column":55},"end":{"line":28,"column":74}},"line":28},"6":{"name":"(anonymous_6)","decl":{"start":{"line":29,"column":53},"end":{"line":29,"column":54}},"loc":{"start":{"line":29,"column":60},"end":{"line":33,"column":9}},"line":29},"7":{"name":"(anonymous_7)","decl":{"start":{"line":36,"column":4},"end":{"line":36,"column":5}},"loc":{"start":{"line":36,"column":25},"end":{"line":39,"column":5}},"line":36},"8":{"name":"(anonymous_8)","decl":{"start":{"line":41,"column":4},"end":{"line":41,"column":5}},"loc":{"start":{"line":41,"column":33},"end":{"line":45,"column":5}},"line":41},"9":{"name":"(anonymous_9)","decl":{"start":{"line":47,"column":4},"end":{"line":47,"column":5}},"loc":{"start":{"line":47,"column":26},"end":{"line":50,"column":5}},"line":47},"10":{"name":"(anonymous_10)","decl":{"start":{"line":53,"column":46},"end":{"line":53,"column":47}},"loc":{"start":{"line":53,"column":52},"end":{"line":56,"column":1}},"line":53}},"branchMap":{"0":{"loc":{"start":{"line":30,"column":12},"end":{"line":32,"column":13}},"type":"if","locations":[{"start":{"line":30,"column":12},"end":{"line":32,"column":13}},{"start":{},"end":{}}],"line":30}},"s":{"0":0,"1":0,"2":0,"3":0,"4":0,"5":0,"6":0,"7":0,"8":0,"9":0,"10":0,"11":0,"12":0,"13":0,"14":0,"15":0,"16":0,"17":0,"18":0,"19":0,"20":0,"21":0,"22":0,"23":0,"24":0,"25":0,"26":0},"f":{"0":0,"1":0,"2":0,"3":0,"4":0,"5":0,"6":0,"7":0,"8":0,"9":0,"10":0},"b":{"0":[0,0]}}
,"C:\\Users\\dpola\\OneDrive\\Desktop\\UCB-SOFT\\SEM5\\TALLER1\\miAmazon\\src\\js\\config\\supabase.js": {"path":"C:\\Users\\dpola\\OneDrive\\Desktop\\UCB-SOFT\\SEM5\\TALLER1\\miAmazon\\src\\js\\config\\supabase.js","statementMap":{"0":{"start":{"line":3,"column":21},"end":{"line":3,"column":63}},"1":{"start":{"line":4,"column":26},"end":{"line":4,"column":236}},"2":{"start":{"line":6,"column":24},"end":{"line":6,"column":69}}},"fnMap":{},"branchMap":{},"s":{"0":0,"1":0,"2":0},"f":{},"b":{}}
,"C:\\Users\\dpola\\OneDrive\\Desktop\\UCB-SOFT\\SEM5\\TALLER1\\miAmazon\\src\\js\\services\\ProductService.js": {"path":"C:\\Users\\dpola\\OneDrive\\Desktop\\UCB-SOFT\\SEM5\\TALLER1\\miAmazon\\src\\js\\services\\ProductService.js","statementMap":{"0":{"start":{"line":5,"column":32},"end":{"line":8,"column":45}},"1":{"start":{"line":10,"column":8},"end":{"line":13,"column":9}},"2":{"start":{"line":11,"column":12},"end":{"line":11,"column":82}},"3":{"start":{"line":12,"column":12},"end":{"line":12,"column":22}},"4":{"start":{"line":14,"column":8},"end":{"line":14,"column":20}},"5":{"start":{"line":18,"column":22},"end":{"line":18,"column":33}},"6":{"start":{"line":19,"column":8},"end":{"line":19,"column":41}},"7":{"start":{"line":19,"column":20},"end":{"line":19,"column":41}},"8":{"start":{"line":21,"column":32},"end":{"line":24,"column":41}},"9":{"start":{"line":26,"column":8},"end":{"line":29,"column":9}},"10":{"start":{"line":27,"column":12},"end":{"line":27,"column":72}},"11":{"start":{"line":28,"column":12},"end":{"line":28,"column":22}},"12":{"start":{"line":30,"column":8},"end":{"line":30,"column":20}},"13":{"start":{"line":35,"column":32},"end":{"line":35,"column":90}},"14":{"start":{"line":36,"column":8},"end":{"line":36,"column":20}}},"fnMap":{"0":{"name":"(anonymous_0)","decl":{"start":{"line":4,"column":4},"end":{"line":4,"column":5}},"loc":{"start":{"line":4,"column":19},"end":{"line":15,"column":5}},"line":4},"1":{"name":"(anonymous_1)","decl":{"start":{"line":17,"column":4},"end":{"line":17,"column":5}},"loc":{"start":{"line":17,"column":23},"end":{"line":31,"column":5}},"line":17},"2":{"name":"(anonymous_2)","decl":{"start":{"line":34,"column":4},"end":{"line":34,"column":5}},"loc":{"start":{"line":34,"column":23},"end":{"line":37,"column":5}},"line":34}},"branchMap":{"0":{"loc":{"start":{"line":10,"column":8},"end":{"line":13,"column":9}},"type":"if","locations":[{"start":{"line":10,"column":8},"end":{"line":13,"column":9}},{"start":{},"end":{}}],"line":10},"1":{"loc":{"start":{"line":19,"column":8},"end":{"line":19,"column":41}},"type":"if","locations":[{"start":{"line":19,"column":8},"end":{"line":19,"column":41}},{"start":{},"end":{}}],"line":19},"2":{"loc":{"start":{"line":26,"column":8},"end":{"line":29,"column":9}},"type":"if","locations":[{"start":{"line":26,"column":8},"end":{"line":29,"column":9}},{"start":{},"end":{}}],"line":26}},"s":{"0":1,"1":1,"2":0,"3":0,"4":1,"5":2,"6":2,"7":1,"8":1,"9":1,"10":0,"11":0,"12":1,"13":1,"14":1},"f":{"0":1,"1":2,"2":1},"b":{"0":[0,1],"1":[1,1],"2":[0,1]},"_coverageSchema":"1a1c01bbd47fc00a2c39e90264f33305004495a9","hash":"c56863d4831bd39a6366b006dcea56136246f00e"}
,"C:\\Users\\dpola\\OneDrive\\Desktop\\UCB-SOFT\\SEM5\\TALLER1\\miAmazon\\src\\js\\views\\CatalogView.js": {"path":"C:\\Users\\dpola\\OneDrive\\Desktop\\UCB-SOFT\\SEM5\\TALLER1\\miAmazon\\src\\js\\views\\CatalogView.js","statementMap":{"0":{"start":{"line":3,"column":8},"end":{"line":3,"column":65}},"1":{"start":{"line":4,"column":8},"end":{"line":4,"column":52}},"2":{"start":{"line":5,"column":8},"end":{"line":5,"column":62}},"3":{"start":{"line":6,"column":8},"end":{"line":6,"column":45}},"4":{"start":{"line":10,"column":8},"end":{"line":10,"column":33}},"5":{"start":{"line":12,"column":8},"end":{"line":15,"column":9}},"6":{"start":{"line":13,"column":12},"end":{"line":13,"column":57}},"7":{"start":{"line":14,"column":12},"end":{"line":14,"column":19}},"8":{"start":{"line":16,"column":8},"end":{"line":16,"column":50}},"9":{"start":{"line":18,"column":8},"end":{"line":33,"column":11}},"10":{"start":{"line":19,"column":25},"end":{"line":19,"column":54}},"11":{"start":{"line":20,"column":12},"end":{"line":20,"column":47}},"12":{"start":{"line":22,"column":12},"end":{"line":29,"column":14}},"13":{"start":{"line":31,"column":12},"end":{"line":31,"column":79}},"14":{"start":{"line":31,"column":49},"end":{"line":31,"column":77}},"15":{"start":{"line":32,"column":12},"end":{"line":32,"column":40}},"16":{"start":{"line":37,"column":8},"end":{"line":37,"column":51}},"17":{"start":{"line":41,"column":8},"end":{"line":41,"column":48}}},"fnMap":{"0":{"name":"(anonymous_0)","decl":{"start":{"line":2,"column":4},"end":{"line":2,"column":5}},"loc":{"start":{"line":2,"column":53},"end":{"line":7,"column":5}},"line":2},"1":{"name":"(anonymous_1)","decl":{"start":{"line":9,"column":4},"end":{"line":9,"column":5}},"loc":{"start":{"line":9,"column":21},"end":{"line":34,"column":5}},"line":9},"2":{"name":"(anonymous_2)","decl":{"start":{"line":18,"column":25},"end":{"line":18,"column":26}},"loc":{"start":{"line":18,"column":36},"end":{"line":33,"column":9}},"line":18},"3":{"name":"(anonymous_3)","decl":{"start":{"line":31,"column":43},"end":{"line":31,"column":44}},"loc":{"start":{"line":31,"column":49},"end":{"line":31,"column":77}},"line":31},"4":{"name":"(anonymous_4)","decl":{"start":{"line":36,"column":4},"end":{"line":36,"column":5}},"loc":{"start":{"line":36,"column":11},"end":{"line":38,"column":5}},"line":36},"5":{"name":"(anonymous_5)","decl":{"start":{"line":40,"column":4},"end":{"line":40,"column":5}},"loc":{"start":{"line":40,"column":11},"end":{"line":42,"column":5}},"line":40}},"branchMap":{"0":{"loc":{"start":{"line":12,"column":8},"end":{"line":15,"column":9}},"type":"if","locations":[{"start":{"line":12,"column":8},"end":{"line":15,"column":9}},{"start":{},"end":{}}],"line":12},"1":{"loc":{"start":{"line":23,"column":18},"end":{"line":23,"column":95}},"type":"cond-expr","locations":[{"start":{"line":23,"column":40},"end":{"line":23,"column":90}},{"start":{"line":23,"column":93},"end":{"line":23,"column":95}}],"line":23}},"s":{"0":0,"1":0,"2":0,"3":0,"4":0,"5":0,"6":0,"7":0,"8":0,"9":0,"10":0,"11":0,"12":0,"13":0,"14":0,"15":0,"16":0,"17":0},"f":{"0":0,"1":0,"2":0,"3":0,"4":0,"5":0},"b":{"0":[0,0],"1":[0,0]}}
,"C:\\Users\\dpola\\OneDrive\\Desktop\\UCB-SOFT\\SEM5\\TALLER1\\miAmazon\\src\\js\\views\\DetailView.js": {"path":"C:\\Users\\dpola\\OneDrive\\Desktop\\UCB-SOFT\\SEM5\\TALLER1\\miAmazon\\src\\js\\views\\DetailView.js","statementMap":{"0":{"start":{"line":3,"column":8},"end":{"line":3,"column":58}},"1":{"start":{"line":4,"column":8},"end":{"line":4,"column":64}},"2":{"start":{"line":6,"column":8},"end":{"line":6,"column":60}},"3":{"start":{"line":7,"column":8},"end":{"line":7,"column":60}},"4":{"start":{"line":8,"column":8},"end":{"line":8,"column":60}},"5":{"start":{"line":9,"column":8},"end":{"line":9,"column":70}},"6":{"start":{"line":10,"column":8},"end":{"line":10,"column":62}},"7":{"start":{"line":11,"column":8},"end":{"line":11,"column":72}},"8":{"start":{"line":12,"column":8},"end":{"line":12,"column":62}},"9":{"start":{"line":13,"column":8},"end":{"line":13,"column":64}},"10":{"start":{"line":15,"column":8},"end":{"line":15,"column":63}},"11":{"start":{"line":19,"column":8},"end":{"line":19,"column":47}},"12":{"start":{"line":20,"column":8},"end":{"line":20,"column":53}},"13":{"start":{"line":21,"column":8},"end":{"line":21,"column":47}},"14":{"start":{"line":22,"column":8},"end":{"line":22,"column":57}},"15":{"start":{"line":23,"column":8},"end":{"line":23,"column":49}},"16":{"start":{"line":24,"column":8},"end":{"line":24,"column":59}},"17":{"start":{"line":26,"column":8},"end":{"line":26,"column":84}},"18":{"start":{"line":27,"column":8},"end":{"line":27,"column":39}},"19":{"start":{"line":29,"column":8},"end":{"line":38,"column":11}},"20":{"start":{"line":30,"column":26},"end":{"line":30,"column":55}},"21":{"start":{"line":31,"column":12},"end":{"line":31,"column":57}},"22":{"start":{"line":32,"column":12},"end":{"line":32,"column":65}},"23":{"start":{"line":34,"column":12},"end":{"line":36,"column":15}},"24":{"start":{"line":35,"column":16},"end":{"line":35,"column":78}},"25":{"start":{"line":37,"column":12},"end":{"line":37,"column":47}},"26":{"start":{"line":42,"column":8},"end":{"line":42,"column":51}},"27":{"start":{"line":46,"column":8},"end":{"line":46,"column":48}}},"fnMap":{"0":{"name":"(anonymous_0)","decl":{"start":{"line":2,"column":4},"end":{"line":2,"column":5}},"loc":{"start":{"line":2,"column":40},"end":{"line":16,"column":5}},"line":2},"1":{"name":"(anonymous_1)","decl":{"start":{"line":18,"column":4},"end":{"line":18,"column":5}},"loc":{"start":{"line":18,"column":20},"end":{"line":39,"column":5}},"line":18},"2":{"name":"(anonymous_2)","decl":{"start":{"line":29,"column":31},"end":{"line":29,"column":32}},"loc":{"start":{"line":29,"column":38},"end":{"line":38,"column":9}},"line":29},"3":{"name":"(anonymous_3)","decl":{"start":{"line":34,"column":44},"end":{"line":34,"column":45}},"loc":{"start":{"line":34,"column":50},"end":{"line":36,"column":13}},"line":34},"4":{"name":"(anonymous_4)","decl":{"start":{"line":41,"column":4},"end":{"line":41,"column":5}},"loc":{"start":{"line":41,"column":11},"end":{"line":43,"column":5}},"line":41},"5":{"name":"(anonymous_5)","decl":{"start":{"line":45,"column":4},"end":{"line":45,"column":5}},"loc":{"start":{"line":45,"column":11},"end":{"line":47,"column":5}},"line":45}},"branchMap":{},"s":{"0":0,"1":0,"2":0,"3":0,"4":0,"5":0,"6":0,"7":0,"8":0,"9":0,"10":0,"11":0,"12":0,"13":0,"14":0,"15":0,"16":0,"17":0,"18":0,"19":0,"20":0,"21":0,"22":0,"23":0,"24":0,"25":0,"26":0,"27":0},"f":{"0":0,"1":0,"2":0,"3":0,"4":0,"5":0},"b":{}}
}
