TN:
SF:src\js\app.js
FN:6,(anonymous_0)
FN:9,(anonymous_1)
FN:10,(anonymous_2)
FN:18,(anonymous_3)
FN:27,(anonymous_4)
FN:28,(anonymous_5)
FN:29,(anonymous_6)
FN:36,(anonymous_7)
FN:41,(anonymous_8)
FN:47,(anonymous_9)
FN:53,(anonymous_10)
FNF:11
FNH:8
FNDA:5,(anonymous_0)
FNDA:0,(anonymous_1)
FNDA:0,(anonymous_2)
FNDA:2,(anonymous_3)
FNDA:5,(anonymous_4)
FNDA:1,(anonymous_5)
FNDA:1,(anonymous_6)
FNDA:2,(anonymous_7)
FNDA:1,(anonymous_8)
FNDA:1,(anonymous_9)
FNDA:0,(anonymous_10)
DA:7,5
DA:9,5
DA:10,5
DA:12,5
DA:13,5
DA:15,5
DA:19,2
DA:20,2
DA:21,1
DA:23,1
DA:28,5
DA:29,5
DA:30,1
DA:31,1
DA:37,2
DA:38,2
DA:42,1
DA:43,1
DA:44,1
DA:48,1
DA:49,1
DA:53,1
DA:54,0
DA:55,0
LF:24
LH:22
BRDA:30,0,0,1
BRDA:30,0,1,0
BRF:2
BRH:1
end_of_record
TN:
SF:src\js\config\supabase.js
FNF:0
FNH:0
DA:3,2
DA:4,2
DA:6,2
LF:3
LH:3
BRF:0
BRH:0
end_of_record
TN:
SF:src\js\services\ProductService.js
FN:4,(anonymous_0)
FN:17,(anonymous_1)
FNF:2
FNH:2
FNDA:3,(anonymous_0)
FNDA:3,(anonymous_1)
DA:5,3
DA:10,3
DA:11,1
DA:12,1
DA:14,2
DA:18,3
DA:19,3
DA:21,2
DA:26,2
DA:27,1
DA:28,1
DA:30,1
LF:12
LH:12
BRDA:10,0,0,1
BRDA:10,0,1,2
BRDA:19,1,0,1
BRDA:19,1,1,2
BRDA:26,2,0,1
BRDA:26,2,1,1
BRF:6
BRH:6
end_of_record
TN:
SF:src\js\views\CatalogView.js
FN:2,(anonymous_0)
FN:9,(anonymous_1)
FN:18,(anonymous_2)
FN:31,(anonymous_3)
FN:36,(anonymous_4)
FN:40,(anonymous_5)
FNF:6
FNH:6
FNDA:9,(anonymous_0)
FNDA:6,(anonymous_1)
FNDA:4,(anonymous_2)
FNDA:1,(anonymous_3)
FNDA:2,(anonymous_4)
FNDA:2,(anonymous_5)
DA:3,9
DA:4,9
DA:5,9
DA:6,9
DA:10,6
DA:12,6
DA:13,4
DA:14,4
DA:16,2
DA:18,2
DA:19,4
DA:20,4
DA:22,4
DA:31,4
DA:32,4
DA:37,2
DA:41,2
LF:17
LH:17
BRDA:12,0,0,4
BRDA:12,0,1,2
BRDA:23,1,0,2
BRDA:23,1,1,2
BRF:4
BRH:4
end_of_record
TN:
SF:src\js\views\DetailView.js
FN:2,(anonymous_0)
FN:18,(anonymous_1)
FN:29,(anonymous_2)
FN:34,(anonymous_3)
FN:41,(anonymous_4)
FN:45,(anonymous_5)
FNF:6
FNH:6
FNDA:8,(anonymous_0)
FNDA:2,(anonymous_1)
FNDA:3,(anonymous_2)
FNDA:1,(anonymous_3)
FNDA:2,(anonymous_4)
FNDA:2,(anonymous_5)
DA:3,8
DA:4,8
DA:6,8
DA:7,8
DA:8,8
DA:9,8
DA:10,8
DA:11,8
DA:12,8
DA:13,8
DA:15,8
DA:19,2
DA:20,2
DA:21,2
DA:22,2
DA:23,2
DA:24,2
DA:26,2
DA:27,2
DA:29,2
DA:30,3
DA:31,3
DA:32,3
DA:34,3
DA:35,1
DA:37,3
DA:42,2
DA:46,2
LF:28
LH:28
BRF:0
BRH:0
end_of_record
